#
# A fatal error has been detected by the Java Runtime Environment:
#
#  EXCEPTION_ACCESS_VIOLATION (0xc0000005) at pc=0x000001fe32651066, pid=5764, tid=14944
#
# JRE version: OpenJDK Runtime Environment Temurin-11.0.14.1+1 (11.0.14.1+1) (build 11.0.14.1+1)
# Java VM: OpenJDK 64-Bit Server VM Temurin-11.0.14.1+1 (11.0.14.1+1, mixed mode, tiered, compressed oops, g1 gc, windows-amd64)
# Problematic frame:
# C  [OpenAL64.dll+0x11066]
#
# No core dump will be written. Minidumps are not enabled by default on client versions of Windows
#
# If you would like to submit a bug report, please visit:
#   https://github.com/adoptium/adoptium-support/issues
# The crash happened outside the Java Virtual Machine in native code.
# See problematic frame for where to report the bug.
#

---------------  S U M M A R Y ------------

Command Line: -Duser.language=es_AR -Dfile.encoding=UTF-8 org.uqbar.project.wollok.launch.WollokLauncher -requestsPort 0 -eventsPort 0 -folder -dontValidate -wf src/game.wpgm -darkMode

Host: Intel(R) Core(TM) i5-2410M CPU @ 2.30GHz, 4 cores, 5G,  Windows 10 , 64 bit Build 19041 (10.0.19041.1706)
Time: Wed May 18 16:45:37 2022 Hora estándar de Argentina elapsed time: 6.322381 seconds (0d 0h 0m 6s)

---------------  T H R E A D  ---------------

Current thread (0x000001fe0fb38000):  JavaThread "main" [_thread_in_native, id=14944, stack(0x0000001aa9d00000,0x0000001aa9e00000)]

Stack: [0x0000001aa9d00000,0x0000001aa9e00000],  sp=0x0000001aa9dfc820,  free space=1010k
Native frames: (J=compiled Java code, j=interpreted, Vv=VM code, C=native code)
C  [OpenAL64.dll+0x11066]

Java frames: (J=compiled Java code, j=interpreted, Vv=VM code)
j  org.lwjgl.openal.ALC10.nalcCreateContext(JJ)J+0
j  org.lwjgl.openal.ALC10.alcCreateContext(Lorg/lwjgl/openal/ALCdevice;Ljava/nio/IntBuffer;)Lorg/lwjgl/openal/ALCcontext;+8
j  org.lwjgl.openal.AL.init(Ljava/lang/String;IIZZ)V+69
j  org.lwjgl.openal.AL.create(Ljava/lang/String;IIZZ)V+246
j  org.lwjgl.openal.AL.create(Ljava/lang/String;IIZ)V+5
j  org.lwjgl.openal.AL.create()V+6
j  com.badlogic.gdx.backends.lwjgl.audio.OpenALAudio.<init>(III)V+114
j  com.badlogic.gdx.backends.lwjgl.LwjglApplication.<init>(Lcom/badlogic/gdx/ApplicationListener;Lcom/badlogic/gdx/backends/lwjgl/LwjglApplicationConfiguration;Lcom/badlogic/gdx/backends/lwjgl/LwjglGraphics;)V+120
j  com.badlogic.gdx.backends.lwjgl.LwjglApplication.<init>(Lcom/badlogic/gdx/ApplicationListener;Lcom/badlogic/gdx/backends/lwjgl/LwjglApplicationConfiguration;)V+11
j  org.uqbar.project.wollok.game.gameboard.WollokGDXApplication.<init>(Lorg/uqbar/project/wollok/game/gameboard/Gameboard;Ljava/lang/Boolean;)V+17
j  org.uqbar.project.wollok.game.helpers.Application.start(Lorg/uqbar/project/wollok/game/gameboard/Gameboard;Ljava/lang/Boolean;)V+5
j  org.uqbar.project.wollok.game.gameboard.Gameboard.start(Ljava/lang/Boolean;)V+13
j  wollok.game.GameObject.doStart(Ljava/lang/Boolean;)V+12
v  ~StubRoutines::call_stub
j  jdk.internal.reflect.NativeMethodAccessorImpl.invoke0(Ljava/lang/reflect/Method;Ljava/lang/Object;[Ljava/lang/Object;)Ljava/lang/Object;+0 java.base@11.0.14.1
J 3608 c1 jdk.internal.reflect.NativeMethodAccessorImpl.invoke(Ljava/lang/Object;[Ljava/lang/Object;)Ljava/lang/Object; java.base@11.0.14.1 (104 bytes) @ 0x000001fe18f6873c [0x000001fe18f683c0+0x000000000000037c]
J 3120 c1 jdk.internal.reflect.DelegatingMethodAccessorImpl.invoke(Ljava/lang/Object;[Ljava/lang/Object;)Ljava/lang/Object; java.base@11.0.14.1 (10 bytes) @ 0x000001fe18eac03c [0x000001fe18eabf40+0x00000000000000fc]
J 3119 c1 java.lang.reflect.Method.invoke(Ljava/lang/Object;[Ljava/lang/Object;)Ljava/lang/Object; java.base@11.0.14.1 (65 bytes) @ 0x000001fe18eab64c [0x000001fe18eab320+0x000000000000032c]
j  org.uqbar.project.wollok.ui.utils.XTendUtilExtensions.invokeConvertingArgs(Ljava/lang/reflect/Method;Ljava/lang/Object;[Ljava/lang/Object;)Lorg/uqbar/project/wollok/interpreter/core/WollokObject;+261
j  org.uqbar.project.wollok.interpreter.AbstractWollokCallable._invokeNative(Ljava/lang/Object;Ljava/lang/String;[Lorg/uqbar/project/wollok/interpreter/core/WollokObject;)Lorg/uqbar/project/wollok/interpreter/core/WollokObject;+41
j  org.uqbar.project.wollok.interpreter.AbstractWollokCallable.invokeNative(Ljava/lang/Object;Ljava/lang/String;[Lorg/uqbar/project/wollok/interpreter/core/WollokObject;)Lorg/uqbar/project/wollok/interpreter/core/WollokObject;+26
j  org.uqbar.project.wollok.interpreter.AbstractWollokCallable$1.apply()Lorg/uqbar/project/wollok/interpreter/core/WollokObject;+55
j  org.uqbar.project.wollok.interpreter.AbstractWollokCallable$1.apply()Ljava/lang/Object;+1
j  org.uqbar.project.wollok.interpreter.threads.WThread.performOnStack(Lorg/eclipse/emf/ecore/EObject;Lorg/uqbar/project/wollok/interpreter/context/EvaluationContext;Lorg/eclipse/xtext/xbase/lib/Functions$Function0;)Lorg/uqbar/project/wollok/interpreter/core/WollokObject;+29
j  org.uqbar.project.wollok.interpreter.WollokInterpreter.performOnStack(Lorg/eclipse/emf/ecore/EObject;Lorg/uqbar/project/wollok/interpreter/context/EvaluationContext;Lorg/eclipse/xtext/xbase/lib/Functions$Function0;)Lorg/uqbar/project/wollok/interpreter/core/WollokObject;+7
j  org.uqbar.project.wollok.interpreter.AbstractWollokCallable.call(Lorg/uqbar/project/wollok/wollokDsl/WMethodDeclaration;[Lorg/uqbar/project/wollok/interpreter/core/WollokObject;)Lorg/uqbar/project/wollok/interpreter/core/WollokObject;+38
j  org.uqbar.project.wollok.interpreter.core.WollokObject.call(Ljava/lang/String;[Lorg/uqbar/project/wollok/interpreter/core/WollokObject;)Lorg/uqbar/project/wollok/interpreter/core/WollokObject;+55
j  org.uqbar.project.wollok.interpreter.WollokInterpreterEvaluator._evaluate(Lorg/uqbar/project/wollok/wollokDsl/WFeatureCall;)Lorg/uqbar/project/wollok/interpreter/core/WollokObject;+119
j  org.uqbar.project.wollok.launch.WollokLauncherInterpreterEvaluator.evaluate(Lorg/eclipse/emf/ecore/EObject;)Lorg/uqbar/project/wollok/interpreter/core/WollokObject;+412
j  org.uqbar.project.wollok.interpreter.WollokInterpreterEvaluator.evaluate(Lorg/eclipse/emf/ecore/EObject;)Ljava/lang/Object;+2
j  org.uqbar.project.wollok.interpreter.WollokInterpreter.eval(Lorg/eclipse/emf/ecore/EObject;)Lorg/uqbar/project/wollok/interpreter/core/WollokObject;+63
j  org.uqbar.project.wollok.interpreter.WollokInterpreterEvaluator.eval(Lorg/eclipse/emf/ecore/EObject;)Lorg/uqbar/project/wollok/interpreter/core/WollokObject;+5
j  org.uqbar.project.wollok.interpreter.WollokInterpreterEvaluator$1.apply(Lorg/uqbar/project/wollok/interpreter/core/WollokObject;Lorg/eclipse/emf/ecore/EObject;)Lorg/uqbar/project/wollok/interpreter/core/WollokObject;+5
j  org.uqbar.project.wollok.interpreter.WollokInterpreterEvaluator$1.apply(Ljava/lang/Object;Ljava/lang/Object;)Ljava/lang/Object;+9
J 3682 c1 org.eclipse.xtext.xbase.lib.IterableExtensions.fold(Ljava/lang/Iterable;Ljava/lang/Object;Lorg/eclipse/xtext/xbase/lib/Functions$Function2;)Ljava/lang/Object; (12 bytes) @ 0x000001fe18f88394 [0x000001fe18f88300+0x0000000000000094]
j  org.uqbar.project.wollok.interpreter.WollokInterpreterEvaluator.evalAll(Ljava/lang/Iterable;)Lorg/uqbar/project/wollok/interpreter/core/WollokObject;+12
j  org.uqbar.project.wollok.interpreter.WollokInterpreterEvaluator._evaluate(Lorg/uqbar/project/wollok/wollokDsl/WBlockExpression;)Lorg/uqbar/project/wollok/interpreter/core/WollokObject;+34
j  org.uqbar.project.wollok.launch.WollokLauncherInterpreterEvaluator.evaluate(Lorg/eclipse/emf/ecore/EObject;)Lorg/uqbar/project/wollok/interpreter/core/WollokObject;+76
j  org.uqbar.project.wollok.interpreter.WollokInterpreterEvaluator.evaluate(Lorg/eclipse/emf/ecore/EObject;)Ljava/lang/Object;+2
j  org.uqbar.project.wollok.interpreter.WollokInterpreter.eval(Lorg/eclipse/emf/ecore/EObject;)Lorg/uqbar/project/wollok/interpreter/core/WollokObject;+63
j  org.uqbar.project.wollok.interpreter.AbstractWollokCallable.eval(Lorg/eclipse/emf/ecore/EObject;)Lorg/uqbar/project/wollok/interpreter/core/WollokObject;+5
j  org.uqbar.project.wollok.interpreter.AbstractWollokCallable$1.apply()Lorg/uqbar/project/wollok/interpreter/core/WollokObject;+110
j  org.uqbar.project.wollok.interpreter.AbstractWollokCallable$1.apply()Ljava/lang/Object;+1
j  org.uqbar.project.wollok.interpreter.threads.WThread.performOnStack(Lorg/eclipse/emf/ecore/EObject;Lorg/uqbar/project/wollok/interpreter/context/EvaluationContext;Lorg/eclipse/xtext/xbase/lib/Functions$Function0;)Lorg/uqbar/project/wollok/interpreter/core/WollokObject;+29
j  org.uqbar.project.wollok.interpreter.WollokInterpreter.performOnStack(Lorg/eclipse/emf/ecore/EObject;Lorg/uqbar/project/wollok/interpreter/context/EvaluationContext;Lorg/eclipse/xtext/xbase/lib/Functions$Function0;)Lorg/uqbar/project/wollok/interpreter/core/WollokObject;+7
j  org.uqbar.project.wollok.interpreter.AbstractWollokCallable.call(Lorg/uqbar/project/wollok/wollokDsl/WMethodDeclaration;[Lorg/uqbar/project/wollok/interpreter/core/WollokObject;)Lorg/uqbar/project/wollok/interpreter/core/WollokObject;+38
j  org.uqbar.project.wollok.interpreter.core.WollokObject.call(Ljava/lang/String;[Lorg/uqbar/project/wollok/interpreter/core/WollokObject;)Lorg/uqbar/project/wollok/interpreter/core/WollokObject;+55
j  org.uqbar.project.wollok.interpreter.WollokInterpreterEvaluator._evaluate(Lorg/uqbar/project/wollok/wollokDsl/WFeatureCall;)Lorg/uqbar/project/wollok/interpreter/core/WollokObject;+119
j  org.uqbar.project.wollok.launch.WollokLauncherInterpreterEvaluator.evaluate(Lorg/eclipse/emf/ecore/EObject;)Lorg/uqbar/project/wollok/interpreter/core/WollokObject;+412
j  org.uqbar.project.wollok.interpreter.WollokInterpreterEvaluator.evaluate(Lorg/eclipse/emf/ecore/EObject;)Ljava/lang/Object;+2
j  org.uqbar.project.wollok.interpreter.WollokInterpreter.eval(Lorg/eclipse/emf/ecore/EObject;)Lorg/uqbar/project/wollok/interpreter/core/WollokObject;+63
j  org.uqbar.project.wollok.interpreter.WollokInterpreterEvaluator.eval(Lorg/eclipse/emf/ecore/EObject;)Lorg/uqbar/project/wollok/interpreter/core/WollokObject;+5
j  org.uqbar.project.wollok.interpreter.WollokInterpreterEvaluator$1.apply(Lorg/uqbar/project/wollok/interpreter/core/WollokObject;Lorg/eclipse/emf/ecore/EObject;)Lorg/uqbar/project/wollok/interpreter/core/WollokObject;+5
j  org.uqbar.project.wollok.interpreter.WollokInterpreterEvaluator$1.apply(Ljava/lang/Object;Ljava/lang/Object;)Ljava/lang/Object;+9
j  org.eclipse.xtext.xbase.lib.IteratorExtensions.fold(Ljava/util/Iterator;Ljava/lang/Object;Lorg/eclipse/xtext/xbase/lib/Functions$Function2;)Ljava/lang/Object;+19
j  org.eclipse.xtext.xbase.lib.IterableExtensions.fold(Ljava/lang/Iterable;Ljava/lang/Object;Lorg/eclipse/xtext/xbase/lib/Functions$Function2;)Ljava/lang/Object;+8
j  org.uqbar.project.wollok.interpreter.WollokInterpreterEvaluator.evalAll(Ljava/lang/Iterable;)Lorg/uqbar/project/wollok/interpreter/core/WollokObject;+12
j  org.uqbar.project.wollok.interpreter.WollokInterpreterEvaluator._evaluate(Lorg/uqbar/project/wollok/wollokDsl/WProgram;)Lorg/uqbar/project/wollok/interpreter/core/WollokObject;+18
j  org.uqbar.project.wollok.launch.WollokLauncherInterpreterEvaluator.evaluate(Lorg/eclipse/emf/ecore/EObject;)Lorg/uqbar/project/wollok/interpreter/core/WollokObject;+444
j  org.uqbar.project.wollok.interpreter.WollokInterpreterEvaluator.evaluate(Lorg/eclipse/emf/ecore/EObject;)Ljava/lang/Object;+2
j  org.uqbar.project.wollok.interpreter.WollokInterpreter.eval(Lorg/eclipse/emf/ecore/EObject;)Lorg/uqbar/project/wollok/interpreter/core/WollokObject;+63
j  org.uqbar.project.wollok.interpreter.WollokInterpreterEvaluator.eval(Lorg/eclipse/emf/ecore/EObject;)Lorg/uqbar/project/wollok/interpreter/core/WollokObject;+5
j  org.uqbar.project.wollok.launch.WollokLauncherInterpreterEvaluator._evaluate(Lorg/uqbar/project/wollok/wollokDsl/WFile;)Lorg/uqbar/project/wollok/interpreter/core/WollokObject;+32
j  org.uqbar.project.wollok.launch.WollokLauncherInterpreterEvaluator.evaluate(Lorg/eclipse/emf/ecore/EObject;)Lorg/uqbar/project/wollok/interpreter/core/WollokObject;+428
j  org.uqbar.project.wollok.interpreter.WollokInterpreterEvaluator.evaluate(Lorg/eclipse/emf/ecore/EObject;)Ljava/lang/Object;+2
j  org.uqbar.project.wollok.interpreter.WollokInterpreter.interpret(Lorg/eclipse/emf/ecore/EObject;Ljava/lang/Boolean;)Lorg/uqbar/project/wollok/interpreter/core/WollokObject;+25
j  org.uqbar.project.wollok.interpreter.WollokInterpreter.interpret(Lorg/eclipse/emf/ecore/EObject;)Lorg/uqbar/project/wollok/interpreter/core/WollokObject;+8
j  org.uqbar.project.wollok.launch.WollokLauncher.doSomething(Lorg/uqbar/project/wollok/wollokDsl/WFile;Lcom/google/inject/Injector;Ljava/io/File;Lorg/uqbar/project/wollok/launch/WollokLauncherParameters;)V+109
j  org.uqbar.project.wollok.launch.WollokChecker.launch(Ljava/lang/String;Lorg/uqbar/project/wollok/launch/WollokLauncherParameters;)V+31
j  org.uqbar.project.wollok.launch.WollokChecker.doMain([Ljava/lang/String;)V+205
j  org.uqbar.project.wollok.launch.WollokLauncher.main([Ljava/lang/String;)V+8
v  ~StubRoutines::call_stub

siginfo: EXCEPTION_ACCESS_VIOLATION (0xc0000005), reading address 0x000001fe30c8b004


Register to memory mapping:

RIP=0x000001fe32651066 OpenAL64.dll
RAX=0x0000000000000004 is an unknown value
RBX=0x000001fe32780090 points into unknown readable memory: 0x0000000100000002 | 02 00 00 00 01 00 00 00
RCX=0x000001fe30c8b008 is an unknown value
RDX=0x000001fe30c8b004 is an unknown value
RSP=0x0000001aa9dfc820 is pointing into the stack for thread: 0x000001fe0fb38000
RBP=0x00000000000000ff is an unknown value
RSI=0x000001fe30c8865c points into unknown readable memory: ff ff ff ff
RDI=0x0 is NULL
R8 =0x0000000000000a6a is an unknown value
R9 =0x000001fe30c8865c points into unknown readable memory: ff ff ff ff
R10=0x000001fe1827f628 is at code_begin+1000 in an Interpreter codelet
method entry point (kind = native)  [0x000001fe1827f240, 0x000001fe1827fce0]  2720 bytes
R11=0x00000000a7bbe180 is an oop: java.lang.Class 
{0x00000000a7bbe180} - klass: 'java/lang/Class'
R12=0x0000000000000001 is an unknown value
R13={method} {0x000001fe315ac448} 'nalcCreateContext' '(JJ)J' in 'org/lwjgl/openal/ALC10'
R14=0x0000001aa9dfc9c0 is pointing into the stack for thread: 0x000001fe0fb38000
R15=0x000001fe0fb38000 is a thread


Registers:
RAX=0x0000000000000004, RBX=0x000001fe32780090, RCX=0x000001fe30c8b008, RDX=0x000001fe30c8b004
RSP=0x0000001aa9dfc820, RBP=0x00000000000000ff, RSI=0x000001fe30c8865c, RDI=0x0000000000000000
R8 =0x0000000000000a6a, R9 =0x000001fe30c8865c, R10=0x000001fe1827f628, R11=0x00000000a7bbe180
R12=0x0000000000000001, R13=0x000001fe315ac440, R14=0x0000001aa9dfc9c0, R15=0x000001fe0fb38000
RIP=0x000001fe32651066, EFLAGS=0x0000000000010202

Top of Stack: (sp=0x0000001aa9dfc820)
0x0000001aa9dfc820:   0000000200000004 0000000000000002
0x0000001aa9dfc830:   000001fe0fb38910 0000002800000003
0x0000001aa9dfc840:   000001fe0fb38000 0000001aa9dfc9c0
0x0000001aa9dfc850:   000001fe315ac440 00007ffac37debb5
0x0000001aa9dfc860:   0000000000000000 00000000000001f0
0x0000001aa9dfc870:   000001fe0fb38000 000001fe0fb38000
0x0000001aa9dfc880:   0000000000000000 00007ffac35669cc
0x0000001aa9dfc890:   000001fe0fb38000 0000001aa9dfc9c0
0x0000001aa9dfc8a0:   000001fe315ac440 0000000000000000
0x0000001aa9dfc8b0:   000001fe30c8865c 00000000000001f0
0x0000001aa9dfc8c0:   0000001aa9dfc988 000001fe3265248f
0x0000001aa9dfc8d0:   000001fe32780090 000001fe32780090
0x0000001aa9dfc8e0:   000001fe0000ac44 0000000000000004
0x0000001aa9dfc8f0:   0000000000000000 000001fe1827f657
0x0000001aa9dfc900:   000001fe315ac440 000001fe1827f33c
0x0000001aa9dfc910:   000001fe315ac440 0000001aa9dfc988 

Instructions: (pc=0x000001fe32651066)
0x000001fe32650f66:   b0 00 00 00 0f ba a3 fc 00 00 00 1f 44 89 9c 24
0x000001fe32650f76:   b0 00 00 00 73 15 48 8b 83 f8 61 01 00 48 8b cb
0x000001fe32650f86:   ff 50 20 44 8b 9c 24 b0 00 00 00 0f ba b3 fc 00
0x000001fe32650f96:   00 00 1f 44 89 7b 38 44 89 6b 44 44 89 73 48 e9
0x000001fe32650fa6:   56 01 00 00 83 3d 4f 94 04 00 02 0f 8c 8e fe ff
0x000001fe32650fb6:   ff 4c 8d 05 a2 2c 03 00 e9 6f fe ff ff 48 3b d7
0x000001fe32650fc6:   0f 84 3f 01 00 00 39 3a 0f 84 37 01 00 00 0f ba
0x000001fe32650fd6:   a1 fc 00 00 00 1f 73 0a 48 8b 81 f8 61 01 00 ff
0x000001fe32650fe6:   50 20 8b 43 38 0f ba b3 fc 00 00 00 1f 8b 6b 64
0x000001fe32650ff6:   44 8b 63 68 89 84 24 c0 00 00 00 8b 43 6c 89 84
0x000001fe32651006:   24 c8 00 00 00 4c 8b c7 39 3e 74 58 48 8b d6 48
0x000001fe32651016:   8d 4e 04 81 3a 07 10 00 00 75 10 8b 01 83 8b fc
0x000001fe32651026:   00 00 00 02 89 84 24 c0 00 00 00 81 3a 11 10 00
0x000001fe32651036:   00 75 10 8b 6b 5c 44 8b 21 44 3b e5 44 0f 47 e5
0x000001fe32651046:   41 2b ec 81 3a 03 00 02 00 75 09 8b 01 89 84 24
0x000001fe32651056:   c8 00 00 00 49 83 c0 02 48 83 c1 08 4a 8d 14 86
0x000001fe32651066:   39 3a 75 af 4c 8d 84 24 c0 00 00 00 48 8d 15 d7
0x000001fe32651076:   2b 03 00 33 c9 e8 58 5f 00 00 b8 40 1f 00 00 4c
0x000001fe32651086:   8d 84 24 c8 00 00 00 39 84 24 c0 00 00 00 48 8d
0x000001fe32651096:   15 e9 2b 03 00 0f 47 84 24 c0 00 00 00 33 c9 89
0x000001fe326510a6:   84 24 c0 00 00 00 e8 27 5f 00 00 8b 43 3c 44 8b
0x000001fe326510b6:   84 24 c0 00 00 00 8b 4b 38 41 bb 04 00 00 00 44
0x000001fe326510c6:   39 9c 24 c8 00 00 00 44 0f 42 9c 24 c8 00 00 00
0x000001fe326510d6:   33 d2 44 89 9c 24 c8 00 00 00 49 0f af c0 48 f7
0x000001fe326510e6:   f1 89 43 3c f6 05 43 b6 04 00 01 74 09 83 c0 03
0x000001fe326510f6:   83 e0 fc 89 43 3c 44 89 43 38 44 89 5b 6c 44 89
0x000001fe32651106:   63 68 89 6b 64 44 8b 9b fc 00 00 00 41 0f ba e3
0x000001fe32651116:   1f 0f 82 6a 05 00 00 44 8b 6b 38 8b 6b 44 44 8b
0x000001fe32651126:   63 48 41 bf 03 00 00 00 48 8d 35 5b 2b 03 00 4c
0x000001fe32651136:   8d 35 80 dc 02 00 44 39 3d bd 92 04 00 0f 8c 81
0x000001fe32651146:   00 00 00 4c 8d 15 88 28 03 00 4c 8d 35 f5 2a 03
0x000001fe32651156:   00 41 f6 c3 02 4d 8b ca 41 8b cc 4d 0f 45 ce e8 


Stack slot to memory mapping:
stack at sp + 0 slots: 0x0000000200000004 is an unknown value
stack at sp + 1 slots: 0x0000000000000002 is an unknown value
stack at sp + 2 slots: 0x000001fe0fb38910 points into unknown readable memory: 0x6e616c2e6176616a | 6a 61 76 61 2e 6c 61 6e
stack at sp + 3 slots: 0x0000002800000003 is an unknown value
stack at sp + 4 slots: 0x000001fe0fb38000 is a thread
stack at sp + 5 slots: 0x0000001aa9dfc9c0 is pointing into the stack for thread: 0x000001fe0fb38000
stack at sp + 6 slots: {method} {0x000001fe315ac448} 'nalcCreateContext' '(JJ)J' in 'org/lwjgl/openal/ALC10'
stack at sp + 7 slots: 0x00007ffac37debb5 jvm.dll


---------------  P R O C E S S  ---------------

Threads class SMR info:
_java_thread_list=0x000001fe2ececda0, length=13, elements={
0x000001fe0fb38000, 0x000001fe2cff2000, 0x000001fe2cffb000, 0x000001fe2d9a3800,
0x000001fe2cfe7800, 0x000001fe2cfe8800, 0x000001fe2d00d800, 0x000001fe2d011000,
0x000001fe2d01a800, 0x000001fe2db09000, 0x000001fe2dee1000, 0x000001fe2e2ed800,
0x000001fe2e3bf800
}

Java Threads: ( => current thread )
=>0x000001fe0fb38000 JavaThread "main" [_thread_in_native, id=14944, stack(0x0000001aa9d00000,0x0000001aa9e00000)]
  0x000001fe2cff2000 JavaThread "Reference Handler" daemon [_thread_blocked, id=12396, stack(0x0000001aaa400000,0x0000001aaa500000)]
  0x000001fe2cffb000 JavaThread "Finalizer" daemon [_thread_blocked, id=14532, stack(0x0000001aaa500000,0x0000001aaa600000)]
  0x000001fe2d9a3800 JavaThread "Signal Dispatcher" daemon [_thread_blocked, id=15148, stack(0x0000001aaa600000,0x0000001aaa700000)]
  0x000001fe2cfe7800 JavaThread "Attach Listener" daemon [_thread_blocked, id=14204, stack(0x0000001aaa700000,0x0000001aaa800000)]
  0x000001fe2cfe8800 JavaThread "Service Thread" daemon [_thread_blocked, id=368, stack(0x0000001aaa800000,0x0000001aaa900000)]
  0x000001fe2d00d800 JavaThread "C2 CompilerThread0" daemon [_thread_in_native, id=908, stack(0x0000001aaa900000,0x0000001aaaa00000)]
  0x000001fe2d011000 JavaThread "C1 CompilerThread0" daemon [_thread_blocked, id=5456, stack(0x0000001aaaa00000,0x0000001aaab00000)]
  0x000001fe2d01a800 JavaThread "Sweeper thread" daemon [_thread_blocked, id=11648, stack(0x0000001aaab00000,0x0000001aaac00000)]
  0x000001fe2db09000 JavaThread "Common-Cleaner" daemon [_thread_blocked, id=16064, stack(0x0000001aaad00000,0x0000001aaae00000)]
  0x000001fe2dee1000 JavaThread "C2 CompilerThread1" daemon [_thread_blocked, id=12908, stack(0x0000001aaae00000,0x0000001aaaf00000)]
  0x000001fe2e2ed800 JavaThread "EMF Reference Cleaner" daemon [_thread_blocked, id=15296, stack(0x0000001aab000000,0x0000001aab100000)]
  0x000001fe2e3bf800 JavaThread "com.google.inject.internal.util.$Finalizer" daemon [_thread_blocked, id=8788, stack(0x0000001aab100000,0x0000001aab200000)]

Other Threads:
  0x000001fe2cfba000 VMThread "VM Thread" [stack: 0x0000001aaa300000,0x0000001aaa400000] [id=10608]
  0x000001fe2daf9800 WatcherThread [stack: 0x0000001aaac00000,0x0000001aaad00000] [id=9652]
  0x000001fe0fb50800 GCTaskThread "GC Thread#0" [stack: 0x0000001aa9e00000,0x0000001aa9f00000] [id=6908]
  0x000001fe2e47e000 GCTaskThread "GC Thread#1" [stack: 0x0000001aaaf00000,0x0000001aab000000] [id=13456]
  0x000001fe0fb78000 ConcurrentGCThread "G1 Main Marker" [stack: 0x0000001aa9f00000,0x0000001aaa000000] [id=15540]
  0x000001fe0fb7c000 ConcurrentGCThread "G1 Conc#0" [stack: 0x0000001aaa000000,0x0000001aaa100000] [id=7084]
  0x000001fe0fbef000 ConcurrentGCThread "G1 Refine#0" [stack: 0x0000001aaa100000,0x0000001aaa200000] [id=6104]
  0x000001fe0fbf2000 ConcurrentGCThread "G1 Young RemSet Sampling" [stack: 0x0000001aaa200000,0x0000001aaa300000] [id=12016]

Threads with active compile tasks:
C2 CompilerThread0   6439 3300       4       org.eclipse.xtext.util.OnChangeEvictingCache::get (75 bytes)

VM state:not at safepoint (normal execution)

VM Mutex/Monitor currently owned by a thread: None

Heap address: 0x00000000a0c00000, size: 1524 MB, Compressed Oops mode: 32-bit
Narrow klass base: 0x0000000000000000, Narrow klass shift: 3
Compressed class space size: 1073741824 Address: 0x0000000100000000

Heap:
 garbage-first heap   total 124928K, used 33483K [0x00000000a0c00000, 0x0000000100000000)
  region size 1024K, 17 young (17408K), 6 survivors (6144K)
 Metaspace       used 26619K, capacity 26938K, committed 27264K, reserved 1073152K
  class space    used 2981K, capacity 3092K, committed 3200K, reserved 1048576K
Heap Regions: E=young(eden), S=young(survivor), O=old, HS=humongous(starts), HC=humongous(continues), CS=collection set, F=free, A=archive, TAMS=top-at-mark-start (previous, next)
|   0|0x00000000a0c00000, 0x00000000a0d00000, 0x00000000a0d00000|100%| O|  |TAMS 0x00000000a0d00000, 0x00000000a0c00000| Untracked 
|   1|0x00000000a0d00000, 0x00000000a0e00000, 0x00000000a0e00000|100%| O|  |TAMS 0x00000000a0e00000, 0x00000000a0d00000| Untracked 
|   2|0x00000000a0e00000, 0x00000000a0f00000, 0x00000000a0f00000|100%| O|  |TAMS 0x00000000a0f00000, 0x00000000a0e00000| Untracked 
|   3|0x00000000a0f00000, 0x00000000a1000000, 0x00000000a1000000|100%| O|  |TAMS 0x00000000a1000000, 0x00000000a0f00000| Untracked 
|   4|0x00000000a1000000, 0x00000000a1100000, 0x00000000a1100000|100%| O|  |TAMS 0x00000000a1100000, 0x00000000a1000000| Untracked 
|   5|0x00000000a1100000, 0x00000000a1200000, 0x00000000a1200000|100%| O|  |TAMS 0x00000000a1200000, 0x00000000a1100000| Untracked 
|   6|0x00000000a1200000, 0x00000000a1300000, 0x00000000a1300000|100%| O|  |TAMS 0x00000000a1300000, 0x00000000a1200000| Untracked 
|   7|0x00000000a1300000, 0x00000000a1400000, 0x00000000a1400000|100%| O|  |TAMS 0x00000000a1400000, 0x00000000a1300000| Untracked 
|   8|0x00000000a1400000, 0x00000000a1500000, 0x00000000a1500000|100%| O|  |TAMS 0x00000000a1500000, 0x00000000a1400000| Untracked 
|   9|0x00000000a1500000, 0x00000000a1600000, 0x00000000a1600000|100%| O|  |TAMS 0x00000000a1600000, 0x00000000a1500000| Untracked 
|  10|0x00000000a1600000, 0x00000000a1700000, 0x00000000a1700000|100%| O|  |TAMS 0x00000000a1700000, 0x00000000a1600000| Untracked 
|  11|0x00000000a1700000, 0x00000000a1800000, 0x00000000a1800000|100%| O|  |TAMS 0x00000000a1800000, 0x00000000a1700000| Untracked 
|  12|0x00000000a1800000, 0x00000000a1900000, 0x00000000a1900000|100%| O|  |TAMS 0x00000000a1900000, 0x00000000a1800000| Untracked 
|  13|0x00000000a1900000, 0x00000000a1a00000, 0x00000000a1a00000|100%| O|  |TAMS 0x00000000a1a00000, 0x00000000a1900000| Untracked 
|  14|0x00000000a1a00000, 0x00000000a1b00000, 0x00000000a1b00000|100%| O|  |TAMS 0x00000000a1b00000, 0x00000000a1a00000| Untracked 
|  15|0x00000000a1b00000, 0x00000000a1c00000, 0x00000000a1c00000|100%| O|  |TAMS 0x00000000a1c00000, 0x00000000a1b00000| Untracked 
|  16|0x00000000a1c00000, 0x00000000a1d00000, 0x00000000a1d00000|100%| O|  |TAMS 0x00000000a1d00000, 0x00000000a1c00000| Untracked 
|  17|0x00000000a1d00000, 0x00000000a1d30a00, 0x00000000a1e00000| 18%| O|  |TAMS 0x00000000a1d30a00, 0x00000000a1d00000| Untracked 
|  18|0x00000000a1e00000, 0x00000000a1e00000, 0x00000000a1f00000|  0%| F|  |TAMS 0x00000000a1e00000, 0x00000000a1e00000| Untracked 
|  19|0x00000000a1f00000, 0x00000000a1f00000, 0x00000000a2000000|  0%| F|  |TAMS 0x00000000a1f00000, 0x00000000a1f00000| Untracked 
|  20|0x00000000a2000000, 0x00000000a2000000, 0x00000000a2100000|  0%| F|  |TAMS 0x00000000a2000000, 0x00000000a2000000| Untracked 
|  21|0x00000000a2100000, 0x00000000a2100000, 0x00000000a2200000|  0%| F|  |TAMS 0x00000000a2100000, 0x00000000a2100000| Untracked 
|  22|0x00000000a2200000, 0x00000000a2200000, 0x00000000a2300000|  0%| F|  |TAMS 0x00000000a2200000, 0x00000000a2200000| Untracked 
|  23|0x00000000a2300000, 0x00000000a2300000, 0x00000000a2400000|  0%| F|  |TAMS 0x00000000a2300000, 0x00000000a2300000| Untracked 
|  24|0x00000000a2400000, 0x00000000a2400000, 0x00000000a2500000|  0%| F|  |TAMS 0x00000000a2400000, 0x00000000a2400000| Untracked 
|  25|0x00000000a2500000, 0x00000000a2500000, 0x00000000a2600000|  0%| F|  |TAMS 0x00000000a2500000, 0x00000000a2500000| Untracked 
|  26|0x00000000a2600000, 0x00000000a2600000, 0x00000000a2700000|  0%| F|  |TAMS 0x00000000a2600000, 0x00000000a2600000| Untracked 
|  27|0x00000000a2700000, 0x00000000a2700000, 0x00000000a2800000|  0%| F|  |TAMS 0x00000000a2700000, 0x00000000a2700000| Untracked 
|  28|0x00000000a2800000, 0x00000000a2800000, 0x00000000a2900000|  0%| F|  |TAMS 0x00000000a2800000, 0x00000000a2800000| Untracked 
|  29|0x00000000a2900000, 0x00000000a2900000, 0x00000000a2a00000|  0%| F|  |TAMS 0x00000000a2900000, 0x00000000a2900000| Untracked 
|  30|0x00000000a2a00000, 0x00000000a2a00000, 0x00000000a2b00000|  0%| F|  |TAMS 0x00000000a2a00000, 0x00000000a2a00000| Untracked 
|  31|0x00000000a2b00000, 0x00000000a2b00000, 0x00000000a2c00000|  0%| F|  |TAMS 0x00000000a2b00000, 0x00000000a2b00000| Untracked 
|  32|0x00000000a2c00000, 0x00000000a2c00000, 0x00000000a2d00000|  0%| F|  |TAMS 0x00000000a2c00000, 0x00000000a2c00000| Untracked 
|  33|0x00000000a2d00000, 0x00000000a2d00000, 0x00000000a2e00000|  0%| F|  |TAMS 0x00000000a2d00000, 0x00000000a2d00000| Untracked 
|  34|0x00000000a2e00000, 0x00000000a2e00000, 0x00000000a2f00000|  0%| F|  |TAMS 0x00000000a2e00000, 0x00000000a2e00000| Untracked 
|  35|0x00000000a2f00000, 0x00000000a2f00000, 0x00000000a3000000|  0%| F|  |TAMS 0x00000000a2f00000, 0x00000000a2f00000| Untracked 
|  36|0x00000000a3000000, 0x00000000a3000000, 0x00000000a3100000|  0%| F|  |TAMS 0x00000000a3000000, 0x00000000a3000000| Untracked 
|  37|0x00000000a3100000, 0x00000000a3100000, 0x00000000a3200000|  0%| F|  |TAMS 0x00000000a3100000, 0x00000000a3100000| Untracked 
|  38|0x00000000a3200000, 0x00000000a3200000, 0x00000000a3300000|  0%| F|  |TAMS 0x00000000a3200000, 0x00000000a3200000| Untracked 
|  39|0x00000000a3300000, 0x00000000a3300000, 0x00000000a3400000|  0%| F|  |TAMS 0x00000000a3300000, 0x00000000a3300000| Untracked 
|  40|0x00000000a3400000, 0x00000000a3400000, 0x00000000a3500000|  0%| F|  |TAMS 0x00000000a3400000, 0x00000000a3400000| Untracked 
|  41|0x00000000a3500000, 0x00000000a3500000, 0x00000000a3600000|  0%| F|  |TAMS 0x00000000a3500000, 0x00000000a3500000| Untracked 
|  42|0x00000000a3600000, 0x00000000a3600000, 0x00000000a3700000|  0%| F|  |TAMS 0x00000000a3600000, 0x00000000a3600000| Untracked 
|  43|0x00000000a3700000, 0x00000000a3700000, 0x00000000a3800000|  0%| F|  |TAMS 0x00000000a3700000, 0x00000000a3700000| Untracked 
|  44|0x00000000a3800000, 0x00000000a3800000, 0x00000000a3900000|  0%| F|  |TAMS 0x00000000a3800000, 0x00000000a3800000| Untracked 
|  45|0x00000000a3900000, 0x00000000a3900000, 0x00000000a3a00000|  0%| F|  |TAMS 0x00000000a3900000, 0x00000000a3900000| Untracked 
|  46|0x00000000a3a00000, 0x00000000a3a00000, 0x00000000a3b00000|  0%| F|  |TAMS 0x00000000a3a00000, 0x00000000a3a00000| Untracked 
|  47|0x00000000a3b00000, 0x00000000a3b00000, 0x00000000a3c00000|  0%| F|  |TAMS 0x00000000a3b00000, 0x00000000a3b00000| Untracked 
|  48|0x00000000a3c00000, 0x00000000a3c00000, 0x00000000a3d00000|  0%| F|  |TAMS 0x00000000a3c00000, 0x00000000a3c00000| Untracked 
|  49|0x00000000a3d00000, 0x00000000a3d00000, 0x00000000a3e00000|  0%| F|  |TAMS 0x00000000a3d00000, 0x00000000a3d00000| Untracked 
|  50|0x00000000a3e00000, 0x00000000a3e00000, 0x00000000a3f00000|  0%| F|  |TAMS 0x00000000a3e00000, 0x00000000a3e00000| Untracked 
|  51|0x00000000a3f00000, 0x00000000a3f00000, 0x00000000a4000000|  0%| F|  |TAMS 0x00000000a3f00000, 0x00000000a3f00000| Untracked 
|  52|0x00000000a4000000, 0x00000000a4000000, 0x00000000a4100000|  0%| F|  |TAMS 0x00000000a4000000, 0x00000000a4000000| Untracked 
|  53|0x00000000a4100000, 0x00000000a4100000, 0x00000000a4200000|  0%| F|  |TAMS 0x00000000a4100000, 0x00000000a4100000| Untracked 
|  54|0x00000000a4200000, 0x00000000a4200000, 0x00000000a4300000|  0%| F|  |TAMS 0x00000000a4200000, 0x00000000a4200000| Untracked 
|  55|0x00000000a4300000, 0x00000000a4300000, 0x00000000a4400000|  0%| F|  |TAMS 0x00000000a4300000, 0x00000000a4300000| Untracked 
|  56|0x00000000a4400000, 0x00000000a4400000, 0x00000000a4500000|  0%| F|  |TAMS 0x00000000a4400000, 0x00000000a4400000| Untracked 
|  57|0x00000000a4500000, 0x00000000a4500000, 0x00000000a4600000|  0%| F|  |TAMS 0x00000000a4500000, 0x00000000a4500000| Untracked 
|  58|0x00000000a4600000, 0x00000000a4600000, 0x00000000a4700000|  0%| F|  |TAMS 0x00000000a4600000, 0x00000000a4600000| Untracked 
|  59|0x00000000a4700000, 0x00000000a4700000, 0x00000000a4800000|  0%| F|  |TAMS 0x00000000a4700000, 0x00000000a4700000| Untracked 
|  60|0x00000000a4800000, 0x00000000a4800000, 0x00000000a4900000|  0%| F|  |TAMS 0x00000000a4800000, 0x00000000a4800000| Untracked 
|  61|0x00000000a4900000, 0x00000000a4900000, 0x00000000a4a00000|  0%| F|  |TAMS 0x00000000a4900000, 0x00000000a4900000| Untracked 
|  62|0x00000000a4a00000, 0x00000000a4a00000, 0x00000000a4b00000|  0%| F|  |TAMS 0x00000000a4a00000, 0x00000000a4a00000| Untracked 
|  63|0x00000000a4b00000, 0x00000000a4b00000, 0x00000000a4c00000|  0%| F|  |TAMS 0x00000000a4b00000, 0x00000000a4b00000| Untracked 
|  64|0x00000000a4c00000, 0x00000000a4c00000, 0x00000000a4d00000|  0%| F|  |TAMS 0x00000000a4c00000, 0x00000000a4c00000| Untracked 
|  65|0x00000000a4d00000, 0x00000000a4d00000, 0x00000000a4e00000|  0%| F|  |TAMS 0x00000000a4d00000, 0x00000000a4d00000| Untracked 
|  66|0x00000000a4e00000, 0x00000000a4e00000, 0x00000000a4f00000|  0%| F|  |TAMS 0x00000000a4e00000, 0x00000000a4e00000| Untracked 
|  67|0x00000000a4f00000, 0x00000000a4f00000, 0x00000000a5000000|  0%| F|  |TAMS 0x00000000a4f00000, 0x00000000a4f00000| Untracked 
|  68|0x00000000a5000000, 0x00000000a5000000, 0x00000000a5100000|  0%| F|  |TAMS 0x00000000a5000000, 0x00000000a5000000| Untracked 
|  69|0x00000000a5100000, 0x00000000a5100000, 0x00000000a5200000|  0%| F|  |TAMS 0x00000000a5100000, 0x00000000a5100000| Untracked 
|  70|0x00000000a5200000, 0x00000000a5200000, 0x00000000a5300000|  0%| F|  |TAMS 0x00000000a5200000, 0x00000000a5200000| Untracked 
|  71|0x00000000a5300000, 0x00000000a5300000, 0x00000000a5400000|  0%| F|  |TAMS 0x00000000a5300000, 0x00000000a5300000| Untracked 
|  72|0x00000000a5400000, 0x00000000a5400000, 0x00000000a5500000|  0%| F|  |TAMS 0x00000000a5400000, 0x00000000a5400000| Untracked 
|  73|0x00000000a5500000, 0x00000000a5500000, 0x00000000a5600000|  0%| F|  |TAMS 0x00000000a5500000, 0x00000000a5500000| Untracked 
|  74|0x00000000a5600000, 0x00000000a5600000, 0x00000000a5700000|  0%| F|  |TAMS 0x00000000a5600000, 0x00000000a5600000| Untracked 
|  75|0x00000000a5700000, 0x00000000a5700000, 0x00000000a5800000|  0%| F|  |TAMS 0x00000000a5700000, 0x00000000a5700000| Untracked 
|  76|0x00000000a5800000, 0x00000000a5800000, 0x00000000a5900000|  0%| F|  |TAMS 0x00000000a5800000, 0x00000000a5800000| Untracked 
|  77|0x00000000a5900000, 0x00000000a5982360, 0x00000000a5a00000| 50%| S|CS|TAMS 0x00000000a5900000, 0x00000000a5900000| Complete 
|  78|0x00000000a5a00000, 0x00000000a5b00000, 0x00000000a5b00000|100%| S|CS|TAMS 0x00000000a5a00000, 0x00000000a5a00000| Complete 
|  79|0x00000000a5b00000, 0x00000000a5c00000, 0x00000000a5c00000|100%| S|CS|TAMS 0x00000000a5b00000, 0x00000000a5b00000| Complete 
|  80|0x00000000a5c00000, 0x00000000a5d00000, 0x00000000a5d00000|100%| S|CS|TAMS 0x00000000a5c00000, 0x00000000a5c00000| Complete 
|  81|0x00000000a5d00000, 0x00000000a5e00000, 0x00000000a5e00000|100%| S|CS|TAMS 0x00000000a5d00000, 0x00000000a5d00000| Complete 
|  82|0x00000000a5e00000, 0x00000000a5f00000, 0x00000000a5f00000|100%| S|CS|TAMS 0x00000000a5e00000, 0x00000000a5e00000| Complete 
|  83|0x00000000a5f00000, 0x00000000a5f00000, 0x00000000a6000000|  0%| F|  |TAMS 0x00000000a5f00000, 0x00000000a5f00000| Untracked 
|  84|0x00000000a6000000, 0x00000000a6000000, 0x00000000a6100000|  0%| F|  |TAMS 0x00000000a6000000, 0x00000000a6000000| Untracked 
|  85|0x00000000a6100000, 0x00000000a6100000, 0x00000000a6200000|  0%| F|  |TAMS 0x00000000a6100000, 0x00000000a6100000| Untracked 
|  86|0x00000000a6200000, 0x00000000a6200000, 0x00000000a6300000|  0%| F|  |TAMS 0x00000000a6200000, 0x00000000a6200000| Untracked 
|  87|0x00000000a6300000, 0x00000000a6300000, 0x00000000a6400000|  0%| F|  |TAMS 0x00000000a6300000, 0x00000000a6300000| Untracked 
|  88|0x00000000a6400000, 0x00000000a6400000, 0x00000000a6500000|  0%| F|  |TAMS 0x00000000a6400000, 0x00000000a6400000| Untracked 
|  89|0x00000000a6500000, 0x00000000a6500000, 0x00000000a6600000|  0%| F|  |TAMS 0x00000000a6500000, 0x00000000a6500000| Untracked 
|  90|0x00000000a6600000, 0x00000000a6600000, 0x00000000a6700000|  0%| F|  |TAMS 0x00000000a6600000, 0x00000000a6600000| Untracked 
|  91|0x00000000a6700000, 0x00000000a6700000, 0x00000000a6800000|  0%| F|  |TAMS 0x00000000a6700000, 0x00000000a6700000| Untracked 
|  92|0x00000000a6800000, 0x00000000a6800000, 0x00000000a6900000|  0%| F|  |TAMS 0x00000000a6800000, 0x00000000a6800000| Untracked 
|  93|0x00000000a6900000, 0x00000000a6900000, 0x00000000a6a00000|  0%| F|  |TAMS 0x00000000a6900000, 0x00000000a6900000| Untracked 
|  94|0x00000000a6a00000, 0x00000000a6a00000, 0x00000000a6b00000|  0%| F|  |TAMS 0x00000000a6a00000, 0x00000000a6a00000| Untracked 
|  95|0x00000000a6b00000, 0x00000000a6b00000, 0x00000000a6c00000|  0%| F|  |TAMS 0x00000000a6b00000, 0x00000000a6b00000| Untracked 
|  96|0x00000000a6c00000, 0x00000000a6c00000, 0x00000000a6d00000|  0%| F|  |TAMS 0x00000000a6c00000, 0x00000000a6c00000| Untracked 
|  97|0x00000000a6d00000, 0x00000000a6d00000, 0x00000000a6e00000|  0%| F|  |TAMS 0x00000000a6d00000, 0x00000000a6d00000| Untracked 
|  98|0x00000000a6e00000, 0x00000000a6e00000, 0x00000000a6f00000|  0%| F|  |TAMS 0x00000000a6e00000, 0x00000000a6e00000| Untracked 
|  99|0x00000000a6f00000, 0x00000000a6f00000, 0x00000000a7000000|  0%| F|  |TAMS 0x00000000a6f00000, 0x00000000a6f00000| Untracked 
| 100|0x00000000a7000000, 0x00000000a7000000, 0x00000000a7100000|  0%| F|  |TAMS 0x00000000a7000000, 0x00000000a7000000| Untracked 
| 101|0x00000000a7100000, 0x00000000a7100000, 0x00000000a7200000|  0%| F|  |TAMS 0x00000000a7100000, 0x00000000a7100000| Untracked 
| 102|0x00000000a7200000, 0x00000000a7200000, 0x00000000a7300000|  0%| F|  |TAMS 0x00000000a7200000, 0x00000000a7200000| Untracked 
| 103|0x00000000a7300000, 0x00000000a7300000, 0x00000000a7400000|  0%| F|  |TAMS 0x00000000a7300000, 0x00000000a7300000| Untracked 
| 104|0x00000000a7400000, 0x00000000a7400000, 0x00000000a7500000|  0%| F|  |TAMS 0x00000000a7400000, 0x00000000a7400000| Untracked 
| 105|0x00000000a7500000, 0x00000000a7500000, 0x00000000a7600000|  0%| F|  |TAMS 0x00000000a7500000, 0x00000000a7500000| Untracked 
| 106|0x00000000a7600000, 0x00000000a7600000, 0x00000000a7700000|  0%| F|  |TAMS 0x00000000a7600000, 0x00000000a7600000| Untracked 
| 107|0x00000000a7700000, 0x00000000a7700000, 0x00000000a7800000|  0%| F|  |TAMS 0x00000000a7700000, 0x00000000a7700000| Untracked 
| 108|0x00000000a7800000, 0x00000000a7800000, 0x00000000a7900000|  0%| F|  |TAMS 0x00000000a7800000, 0x00000000a7800000| Untracked 
| 109|0x00000000a7900000, 0x00000000a7900000, 0x00000000a7a00000|  0%| F|  |TAMS 0x00000000a7900000, 0x00000000a7900000| Untracked 
| 110|0x00000000a7a00000, 0x00000000a7a00000, 0x00000000a7b00000|  0%| F|  |TAMS 0x00000000a7a00000, 0x00000000a7a00000| Untracked 
| 111|0x00000000a7b00000, 0x00000000a7c00000, 0x00000000a7c00000|100%| E|  |TAMS 0x00000000a7b00000, 0x00000000a7b00000| Complete 
| 112|0x00000000a7c00000, 0x00000000a7d00000, 0x00000000a7d00000|100%| E|CS|TAMS 0x00000000a7c00000, 0x00000000a7c00000| Complete 
| 113|0x00000000a7d00000, 0x00000000a7e00000, 0x00000000a7e00000|100%| E|CS|TAMS 0x00000000a7d00000, 0x00000000a7d00000| Complete 
| 114|0x00000000a7e00000, 0x00000000a7f00000, 0x00000000a7f00000|100%| E|CS|TAMS 0x00000000a7e00000, 0x00000000a7e00000| Complete 
| 115|0x00000000a7f00000, 0x00000000a8000000, 0x00000000a8000000|100%| E|CS|TAMS 0x00000000a7f00000, 0x00000000a7f00000| Complete 
| 116|0x00000000a8000000, 0x00000000a8100000, 0x00000000a8100000|100%| E|CS|TAMS 0x00000000a8000000, 0x00000000a8000000| Complete 
| 117|0x00000000a8100000, 0x00000000a8200000, 0x00000000a8200000|100%| E|CS|TAMS 0x00000000a8100000, 0x00000000a8100000| Complete 
| 118|0x00000000a8200000, 0x00000000a8300000, 0x00000000a8300000|100%| E|CS|TAMS 0x00000000a8200000, 0x00000000a8200000| Complete 
| 119|0x00000000a8300000, 0x00000000a8400000, 0x00000000a8400000|100%| E|CS|TAMS 0x00000000a8300000, 0x00000000a8300000| Complete 
| 120|0x00000000a8400000, 0x00000000a8500000, 0x00000000a8500000|100%| E|CS|TAMS 0x00000000a8400000, 0x00000000a8400000| Complete 
| 121|0x00000000a8500000, 0x00000000a8600000, 0x00000000a8600000|100%| E|CS|TAMS 0x00000000a8500000, 0x00000000a8500000| Complete 

Card table byte_map: [0x000001fe27570000,0x000001fe27870000] _byte_map_base: 0x000001fe2706a000

Marking Bits (Prev, Next): (CMBitMap*) 0x000001fe0fb70220, (CMBitMap*) 0x000001fe0fb701e8
 Prev Bits: [0x000001fe29340000, 0x000001fe2ab10000)
 Next Bits: [0x000001fe27b70000, 0x000001fe29340000)

Polling page: 0x000001fe0daf0000

Metaspace:

Usage:
  Non-class:     23.29 MB capacity,    23.08 MB (>99%) used,   173.41 KB ( <1%) free+waste,    34.63 KB ( <1%) overhead. 
      Class:      3.02 MB capacity,     2.91 MB ( 96%) used,    96.50 KB (  3%) free+waste,    13.75 KB ( <1%) overhead. 
       Both:     26.31 MB capacity,    26.00 MB ( 99%) used,   269.91 KB (  1%) free+waste,    48.38 KB ( <1%) overhead. 

Virtual space:
  Non-class space:       24.00 MB reserved,      23.50 MB ( 98%) committed 
      Class space:        1.00 GB reserved,       3.13 MB ( <1%) committed 
             Both:        1.02 GB reserved,      26.63 MB (  3%) committed 

Chunk freelists:
   Non-Class:  26.00 KB
       Class:  12.00 KB
        Both:  38.00 KB

MaxMetaspaceSize: 17179869184.00 GB
CompressedClassSpaceSize: 1.00 GB
Initial GC threshold: 20.80 MB
Current GC threshold: 35.20 MB
CDS: off

CodeHeap 'non-profiled nmethods': size=120064Kb used=1755Kb max_used=1755Kb free=118308Kb
 bounds [0x000001fe1fd30000, 0x000001fe1ffa0000, 0x000001fe27270000]
CodeHeap 'profiled nmethods': size=120000Kb used=7861Kb max_used=7861Kb free=112138Kb
 bounds [0x000001fe18800000, 0x000001fe18fb0000, 0x000001fe1fd30000]
CodeHeap 'non-nmethods': size=5696Kb used=1221Kb max_used=1263Kb free=4474Kb
 bounds [0x000001fe18270000, 0x000001fe184e0000, 0x000001fe18800000]
 total_blobs=4247 nmethods=3750 adapters=409
 compilation: enabled
              stopped_count=0, restarted_count=0
 full_count=0

Compilation events (20 events):
Event: 6.179 Thread 0x000001fe2d011000 nmethod 3764 0x000001fe18fab590 code [0x000001fe18fab740, 0x000001fe18fab888]
Event: 6.182 Thread 0x000001fe2dee1000 nmethod 3761 0x000001fe1fee5110 code [0x000001fe1fee52c0, 0x000001fe1fee5618]
Event: 6.182 Thread 0x000001fe2dee1000 3762       4       java.nio.Buffer::position (52 bytes)
Event: 6.182 Thread 0x000001fe2d011000 3765       3       jdk.internal.loader.URLClassPath::getResource (74 bytes)
Event: 6.183 Thread 0x000001fe2d011000 nmethod 3765 0x000001fe18fab990 code [0x000001fe18fabb60, 0x000001fe18fabe98]
Event: 6.184 Thread 0x000001fe2dee1000 nmethod 3762 0x000001fe1fee5810 code [0x000001fe1fee59a0, 0x000001fe1fee5a58]
Event: 6.199 Thread 0x000001fe2d011000 3766   !   3       java.nio.DirectByteBuffer::put (32 bytes)
Event: 6.200 Thread 0x000001fe2dee1000 3769       4       java.nio.DirectByteBuffer::ix (10 bytes)
Event: 6.200 Thread 0x000001fe2d011000 nmethod 3766 0x000001fe18fac010 code [0x000001fe18fac1e0, 0x000001fe18fac4d8]
Event: 6.200 Thread 0x000001fe2d011000 3767       3       jdk.internal.misc.Unsafe::putByte (8 bytes)
Event: 6.200 Thread 0x000001fe2d011000 nmethod 3767 0x000001fe18fac710 code [0x000001fe18fac8c0, 0x000001fe18fac9d8]
Event: 6.200 Thread 0x000001fe2dee1000 nmethod 3769 0x000001fe1fee5f10 code [0x000001fe1fee60a0, 0x000001fe1fee6118]
Event: 6.200 Thread 0x000001fe2dee1000 3770       4       java.lang.ref.Reference::reachabilityFence (1 bytes)
Event: 6.201 Thread 0x000001fe2dee1000 nmethod 3770 0x000001fe1fee6210 code [0x000001fe1fee63a0, 0x000001fe1fee63d8]
Event: 6.265 Thread 0x000001fe2d011000 3773       3       java.lang.invoke.MemberName::isMethod (7 bytes)
Event: 6.265 Thread 0x000001fe2d011000 nmethod 3773 0x000001fe18faca90 code [0x000001fe18facc40, 0x000001fe18face78]
Event: 6.265 Thread 0x000001fe2d011000 3774       3       jdk.internal.org.objectweb.asm.MethodWriter::visitInsn (114 bytes)
Event: 6.266 Thread 0x000001fe2d011000 nmethod 3774 0x000001fe18facf90 code [0x000001fe18fad180, 0x000001fe18fad5a8]
Event: 6.266 Thread 0x000001fe2d011000 3775       1       jdk.internal.reflect.DelegatingMethodAccessorImpl::setDelegate (6 bytes)
Event: 6.266 Thread 0x000001fe2d011000 nmethod 3775 0x000001fe1fee6b10 code [0x000001fe1fee6cc0, 0x000001fe1fee6db8]

GC Heap History (12 events):
Event: 0.624 GC heap before
{Heap before GC invocations=0 (full 0):
 garbage-first heap   total 98304K, used 14336K [0x00000000a0c00000, 0x0000000100000000)
  region size 1024K, 14 young (14336K), 0 survivors (0K)
 Metaspace       used 8196K, capacity 8321K, committed 8448K, reserved 1056768K
  class space    used 695K, capacity 722K, committed 768K, reserved 1048576K
}
Event: 0.633 GC heap after
{Heap after GC invocations=1 (full 0):
 garbage-first heap   total 98304K, used 4852K [0x00000000a0c00000, 0x0000000100000000)
  region size 1024K, 2 young (2048K), 2 survivors (2048K)
 Metaspace       used 8196K, capacity 8321K, committed 8448K, reserved 1056768K
  class space    used 695K, capacity 722K, committed 768K, reserved 1048576K
}
Event: 1.064 GC heap before
{Heap before GC invocations=1 (full 0):
 garbage-first heap   total 98304K, used 16116K [0x00000000a0c00000, 0x0000000100000000)
  region size 1024K, 14 young (14336K), 2 survivors (2048K)
 Metaspace       used 9941K, capacity 10044K, committed 10240K, reserved 1058816K
  class space    used 904K, capacity 960K, committed 1024K, reserved 1048576K
}
Event: 1.073 GC heap after
{Heap after GC invocations=2 (full 0):
 garbage-first heap   total 98304K, used 8306K [0x00000000a0c00000, 0x0000000100000000)
  region size 1024K, 2 young (2048K), 2 survivors (2048K)
 Metaspace       used 9941K, capacity 10044K, committed 10240K, reserved 1058816K
  class space    used 904K, capacity 960K, committed 1024K, reserved 1048576K
}
Event: 1.802 GC heap before
{Heap before GC invocations=2 (full 0):
 garbage-first heap   total 98304K, used 34930K [0x00000000a0c00000, 0x0000000100000000)
  region size 1024K, 27 young (27648K), 2 survivors (2048K)
 Metaspace       used 13337K, capacity 13505K, committed 13696K, reserved 1060864K
  class space    used 1335K, capacity 1387K, committed 1408K, reserved 1048576K
}
Event: 1.816 GC heap after
{Heap after GC invocations=3 (full 0):
 garbage-first heap   total 98304K, used 14758K [0x00000000a0c00000, 0x0000000100000000)
  region size 1024K, 4 young (4096K), 4 survivors (4096K)
 Metaspace       used 13337K, capacity 13505K, committed 13696K, reserved 1060864K
  class space    used 1335K, capacity 1387K, committed 1408K, reserved 1048576K
}
Event: 2.621 GC heap before
{Heap before GC invocations=3 (full 0):
 garbage-first heap   total 98304K, used 49574K [0x00000000a0c00000, 0x0000000100000000)
  region size 1024K, 35 young (35840K), 4 survivors (4096K)
 Metaspace       used 17652K, capacity 17839K, committed 17920K, reserved 1064960K
  class space    used 1917K, capacity 2014K, committed 2048K, reserved 1048576K
}
Event: 2.642 GC heap after
{Heap after GC invocations=4 (full 0):
 garbage-first heap   total 98304K, used 17408K [0x00000000a0c00000, 0x0000000100000000)
  region size 1024K, 5 young (5120K), 5 survivors (5120K)
 Metaspace       used 17652K, capacity 17839K, committed 17920K, reserved 1064960K
  class space    used 1917K, capacity 2014K, committed 2048K, reserved 1048576K
}
Event: 3.319 GC heap before
{Heap before GC invocations=4 (full 0):
 garbage-first heap   total 98304K, used 36864K [0x00000000a0c00000, 0x0000000100000000)
  region size 1024K, 25 young (25600K), 5 survivors (5120K)
 Metaspace       used 20919K, capacity 21127K, committed 21296K, reserved 1069056K
  class space    used 2345K, capacity 2402K, committed 2432K, reserved 1048576K
}
Event: 3.341 GC heap after
{Heap after GC invocations=5 (full 0):
 garbage-first heap   total 124928K, used 20100K [0x00000000a0c00000, 0x0000000100000000)
  region size 1024K, 3 young (3072K), 3 survivors (3072K)
 Metaspace       used 20919K, capacity 21127K, committed 21296K, reserved 1069056K
  class space    used 2345K, capacity 2402K, committed 2432K, reserved 1048576K
}
Event: 5.319 GC heap before
{Heap before GC invocations=6 (full 0):
 garbage-first heap   total 124928K, used 59012K [0x00000000a0c00000, 0x0000000100000000)
  region size 1024K, 42 young (43008K), 3 survivors (3072K)
 Metaspace       used 25477K, capacity 25792K, committed 26112K, reserved 1073152K
  class space    used 2873K, capacity 2986K, committed 3072K, reserved 1048576K
}
Event: 5.339 GC heap after
{Heap after GC invocations=7 (full 0):
 garbage-first heap   total 124928K, used 23243K [0x00000000a0c00000, 0x0000000100000000)
  region size 1024K, 6 young (6144K), 6 survivors (6144K)
 Metaspace       used 25477K, capacity 25792K, committed 26112K, reserved 1073152K
  class space    used 2873K, capacity 2986K, committed 3072K, reserved 1048576K
}

Deoptimization events (20 events):
Event: 4.879 Thread 0x000001fe0fb38000 Uncommon trap: trap_request=0xffffff4d fr.pc=0x000001fe1fd5757c relative=0x000000000000013c
Event: 4.879 Thread 0x000001fe0fb38000 Uncommon trap: reason=unstable_if action=reinterpret pc=0x000001fe1fd5757c method=java.lang.ThreadLocal$ThreadLocalMap.getEntry(Ljava/lang/ThreadLocal;)Ljava/lang/ThreadLocal$ThreadLocalMap$Entry; @ 29 c2
Event: 4.879 Thread 0x000001fe0fb38000 DEOPT PACKING pc=0x000001fe1fd5757c sp=0x0000001aa9dfced0
Event: 4.879 Thread 0x000001fe0fb38000 DEOPT UNPACKING pc=0x000001fe182ba1af sp=0x0000001aa9dfce10 mode 2
Event: 5.012 Thread 0x000001fe0fb38000 Uncommon trap: trap_request=0xffffff4d fr.pc=0x000001fe1fe86eb0 relative=0x00000000000010b0
Event: 5.012 Thread 0x000001fe0fb38000 Uncommon trap: reason=unstable_if action=reinterpret pc=0x000001fe1fe86eb0 method=org.uqbar.project.wollok.parser.antlr.internal.InternalWollokDslLexer.mRULE_WS()V @ 40 c2
Event: 5.012 Thread 0x000001fe0fb38000 DEOPT PACKING pc=0x000001fe1fe86eb0 sp=0x0000001aa9dfc130
Event: 5.012 Thread 0x000001fe0fb38000 DEOPT UNPACKING pc=0x000001fe182ba1af sp=0x0000001aa9dfc078 mode 2
Event: 5.594 Thread 0x000001fe0fb38000 Uncommon trap: trap_request=0xffffff4d fr.pc=0x000001fe1fe5775c relative=0x0000000000002fbc
Event: 5.594 Thread 0x000001fe0fb38000 Uncommon trap: reason=unstable_if action=reinterpret pc=0x000001fe1fe5775c method=jdk.internal.loader.URLClassPath.getResource(Ljava/lang/String;Z)Ljdk/internal/loader/Resource; @ 47 c2
Event: 5.594 Thread 0x000001fe0fb38000 DEOPT PACKING pc=0x000001fe1fe5775c sp=0x0000001aa9dfb470
Event: 5.594 Thread 0x000001fe0fb38000 DEOPT UNPACKING pc=0x000001fe182ba1af sp=0x0000001aa9dfb4d0 mode 2
Event: 5.612 Thread 0x000001fe0fb38000 Uncommon trap: trap_request=0xffffffc6 fr.pc=0x000001fe1fde3254 relative=0x0000000000000f54
Event: 5.612 Thread 0x000001fe0fb38000 Uncommon trap: reason=bimorphic_or_optimized_type_check action=maybe_recompile pc=0x000001fe1fde3254 method=java.util.HashMap.putVal(ILjava/lang/Object;Ljava/lang/Object;ZZ)Ljava/lang/Object; @ 152 c2
Event: 5.612 Thread 0x000001fe0fb38000 DEOPT PACKING pc=0x000001fe1fde3254 sp=0x0000001aa9dfabb0
Event: 5.612 Thread 0x000001fe0fb38000 DEOPT UNPACKING pc=0x000001fe182ba1af sp=0x0000001aa9dfab40 mode 2
Event: 6.125 Thread 0x000001fe0fb38000 Uncommon trap: trap_request=0xffffff4d fr.pc=0x000001fe1fdc7684 relative=0x00000000000016e4
Event: 6.125 Thread 0x000001fe0fb38000 Uncommon trap: reason=unstable_if action=reinterpret pc=0x000001fe1fdc7684 method=java.io.WinNTFileSystem.normalize(Ljava/lang/String;)Ljava/lang/String; @ 128 c2
Event: 6.125 Thread 0x000001fe0fb38000 DEOPT PACKING pc=0x000001fe1fdc7684 sp=0x0000001aa9df9fb0
Event: 6.125 Thread 0x000001fe0fb38000 DEOPT UNPACKING pc=0x000001fe182ba1af sp=0x0000001aa9df9f98 mode 2

Classes redefined (0 events):
No events

Internal exceptions (20 events):
Event: 0.976 Thread 0x000001fe0fb38000 Exception <a 'java/lang/ClassNotFoundException'{0x00000000a63b93e8}: java/lang/ObjectBeanInfo> (0x00000000a63b93e8) thrown at [./src/hotspot/share/classfile/systemDictionary.cpp, line 230]
Event: 0.991 Thread 0x000001fe0fb38000 Exception <a 'java/lang/ClassNotFoundException'{0x00000000a63f2d20}: java/lang/ObjectCustomizer> (0x00000000a63f2d20) thrown at [./src/hotspot/share/classfile/systemDictionary.cpp, line 230]
Event: 1.008 Thread 0x000001fe0fb38000 Exception <a 'java/lang/ClassNotFoundException'{0x00000000a620bd98}: org/apache/log4j/LayoutCustomizer> (0x00000000a620bd98) thrown at [./src/hotspot/share/classfile/systemDictionary.cpp, line 230]
Event: 1.015 Thread 0x000001fe0fb38000 Exception <a 'java/lang/ClassNotFoundException'{0x00000000a6224808}: org/apache/log4j/PatternLayoutCustomizer> (0x00000000a6224808) thrown at [./src/hotspot/share/classfile/systemDictionary.cpp, line 230]
Event: 1.031 Thread 0x000001fe0fb38000 Implicit null exception at 0x000001fe1fd784f4 to 0x000001fe1fd78a48
Event: 3.282 Thread 0x000001fe0fb38000 Implicit null exception at 0x000001fe1fd7a274 to 0x000001fe1fd7a7e8
Event: 4.422 Thread 0x000001fe0fb38000 Exception <a 'java/io/FileNotFoundException'{0x00000000a74417d0}> (0x00000000a74417d0) thrown at [./src/hotspot/share/prims/jni.cpp, line 616]
Event: 4.454 Thread 0x000001fe0fb38000 Exception <a 'java/io/FileNotFoundException'{0x00000000a74adf58}> (0x00000000a74adf58) thrown at [./src/hotspot/share/prims/jni.cpp, line 616]
Event: 4.476 Thread 0x000001fe0fb38000 Exception <a 'java/io/FileNotFoundException'{0x00000000a731d380}> (0x00000000a731d380) thrown at [./src/hotspot/share/prims/jni.cpp, line 616]
Event: 4.494 Thread 0x000001fe0fb38000 Exception <a 'java/io/FileNotFoundException'{0x00000000a7368008}> (0x00000000a7368008) thrown at [./src/hotspot/share/prims/jni.cpp, line 616]
Event: 4.516 Thread 0x000001fe0fb38000 Exception <a 'java/io/FileNotFoundException'{0x00000000a73c1480}> (0x00000000a73c1480) thrown at [./src/hotspot/share/prims/jni.cpp, line 616]
Event: 4.539 Thread 0x000001fe0fb38000 Exception <a 'java/io/FileNotFoundException'{0x00000000a7208c70}> (0x00000000a7208c70) thrown at [./src/hotspot/share/prims/jni.cpp, line 616]
Event: 5.631 Thread 0x000001fe0fb38000 Exception <a 'java/lang/NoSuchMethodError'{0x00000000a7c16138}: 'java.lang.Object java.lang.invoke.DirectMethodHandle$Holder.invokeStaticInit(java.lang.Object, int, int, int, int)'> (0x00000000a7c16138) thrown at [./src/hotspot/share/interpreter/linkResolver.cpp, line 773]
Event: 6.158 Thread 0x000001fe0fb38000 Exception <a 'java/lang/NoSuchMethodError'{0x00000000a7cd6100}: 'java.lang.Object java.lang.invoke.DirectMethodHandle$Holder.invokeStaticInit(java.lang.Object, java.lang.Object, int, int, int, int)'> (0x00000000a7cd6100) thrown at [./src/hotspot/share/interpreter/linkResolver.cpp, line 773]
Event: 6.263 Thread 0x000001fe0fb38000 Exception <a 'java/security/PrivilegedActionException'{0x00000000a7b945c0}> (0x00000000a7b945c0) thrown at [./src/hotspot/share/prims/jvm.cpp, line 1306]
Event: 6.263 Thread 0x000001fe0fb38000 Exception <a 'java/security/PrivilegedActionException'{0x00000000a7b95d08}> (0x00000000a7b95d08) thrown at [./src/hotspot/share/prims/jvm.cpp, line 1306]
Event: 6.263 Thread 0x000001fe0fb38000 Exception <a 'java/security/PrivilegedActionException'{0x00000000a7b97370}> (0x00000000a7b97370) thrown at [./src/hotspot/share/prims/jvm.cpp, line 1306]
Event: 6.266 Thread 0x000001fe0fb38000 Exception <a 'java/security/PrivilegedActionException'{0x00000000a7ba3e48}> (0x00000000a7ba3e48) thrown at [./src/hotspot/share/prims/jvm.cpp, line 1306]
Event: 6.266 Thread 0x000001fe0fb38000 Exception <a 'java/security/PrivilegedActionException'{0x00000000a7ba54a8}> (0x00000000a7ba54a8) thrown at [./src/hotspot/share/prims/jvm.cpp, line 1306]
Event: 6.266 Thread 0x000001fe0fb38000 Exception <a 'java/security/PrivilegedActionException'{0x00000000a7ba6ac8}> (0x00000000a7ba6ac8) thrown at [./src/hotspot/share/prims/jvm.cpp, line 1306]

Events (20 events):
Event: 6.276 loading class org/lwjgl/MemoryUtil$Accessor
Event: 6.276 loading class org/lwjgl/MemoryUtil$Accessor done
Event: 6.277 loading class java/nio/charset/CharacterCodingException
Event: 6.277 loading class java/nio/charset/CharacterCodingException done
Event: 6.277 loading class org/lwjgl/MemoryUtilSun$AccessorUnsafe
Event: 6.277 loading class org/lwjgl/MemoryUtilSun$AccessorUnsafe done
Event: 6.278 loading class sun/misc/Unsafe
Event: 6.278 loading class sun/misc/Unsafe done
Event: 6.279 loading class org/lwjgl/MemoryUtilSun
Event: 6.279 loading class org/lwjgl/MemoryUtilSun done
Event: 6.279 loading class org/lwjgl/MemoryUtilSun$AccessorReflectFast
Event: 6.279 loading class org/lwjgl/MemoryUtilSun$AccessorReflectFast done
Event: 6.304 loading class org/lwjgl/openal/ALCdevice
Event: 6.304 loading class org/lwjgl/openal/ALCdevice done
Event: 6.305 loading class org/lwjgl/openal/ALCcontext
Event: 6.305 loading class org/lwjgl/openal/ALCcontext done
Event: 6.306 loading class org/lwjgl/openal/Util
Event: 6.306 loading class org/lwjgl/openal/Util done
Event: 6.307 loading class org/lwjgl/openal/OpenALException
Event: 6.307 loading class org/lwjgl/openal/OpenALException done


Dynamic libraries:
0x00007ff73b550000 - 0x00007ff73b55d000 	C:\Program Files\Eclipse Adoptium\jdk-11.0.14.101-hotspot\bin\javaw.exe
0x00007ffb206f0000 - 0x00007ffb208e5000 	C:\Windows\SYSTEM32\ntdll.dll
0x00007ffb1f2a0000 - 0x00007ffb1f35d000 	C:\Windows\System32\KERNEL32.DLL
0x00007ffb1de00000 - 0x00007ffb1e0cd000 	C:\Windows\System32\KERNELBASE.dll
0x00007ffb1e5f0000 - 0x00007ffb1e6f0000 	C:\Windows\System32\ucrtbase.dll
0x00007ffb0b650000 - 0x00007ffb0b667000 	C:\Program Files\Eclipse Adoptium\jdk-11.0.14.101-hotspot\bin\jli.dll
0x00007ffb1ffb0000 - 0x00007ffb20150000 	C:\Windows\System32\USER32.dll
0x00007ffb1e0d0000 - 0x00007ffb1e0f2000 	C:\Windows\System32\win32u.dll
0x00007ffb1f410000 - 0x00007ffb1f43a000 	C:\Windows\System32\GDI32.dll
0x00007ffb1e290000 - 0x00007ffb1e39b000 	C:\Windows\System32\gdi32full.dll
0x00007ffb1e550000 - 0x00007ffb1e5ed000 	C:\Windows\System32\msvcp_win.dll
0x00007ffb0c470000 - 0x00007ffb0c70a000 	C:\Windows\WinSxS\amd64_microsoft.windows.common-controls_6595b64144ccf1df_6.0.19041.1110_none_60b5254171f9507e\COMCTL32.dll
0x00007ffb20150000 - 0x00007ffb201ee000 	C:\Windows\System32\msvcrt.dll
0x00007ffb0af90000 - 0x00007ffb0afa5000 	C:\Program Files\Eclipse Adoptium\jdk-11.0.14.101-hotspot\bin\VCRUNTIME140.dll
0x00007ffb20400000 - 0x00007ffb20430000 	C:\Windows\System32\IMM32.DLL
0x00007ffac8bd0000 - 0x00007ffac8c6b000 	C:\Program Files\Eclipse Adoptium\jdk-11.0.14.101-hotspot\bin\msvcp140.dll
0x00007ffac31f0000 - 0x00007ffac3d71000 	C:\Program Files\Eclipse Adoptium\jdk-11.0.14.101-hotspot\bin\server\jvm.dll
0x00007ffb1e750000 - 0x00007ffb1e7fe000 	C:\Windows\System32\ADVAPI32.dll
0x00007ffb1f370000 - 0x00007ffb1f40c000 	C:\Windows\System32\sechost.dll
0x00007ffb1fdb0000 - 0x00007ffb1fed5000 	C:\Windows\System32\RPCRT4.dll
0x00007ffb1e740000 - 0x00007ffb1e748000 	C:\Windows\System32\PSAPI.DLL
0x00007ffb178f0000 - 0x00007ffb178f9000 	C:\Windows\SYSTEM32\WSOCK32.dll
0x00007ffb20640000 - 0x00007ffb206ab000 	C:\Windows\System32\WS2_32.dll
0x00007ffb126d0000 - 0x00007ffb126f7000 	C:\Windows\SYSTEM32\WINMM.dll
0x00007ffb136d0000 - 0x00007ffb136da000 	C:\Windows\SYSTEM32\VERSION.dll
0x00007ffb1bd00000 - 0x00007ffb1bd12000 	C:\Windows\SYSTEM32\kernel.appcore.dll
0x00007ffb16400000 - 0x00007ffb16410000 	C:\Program Files\Eclipse Adoptium\jdk-11.0.14.101-hotspot\bin\verify.dll
0x00007ffb0db60000 - 0x00007ffb0dd44000 	C:\Windows\SYSTEM32\DBGHELP.DLL
0x00007ffb0d980000 - 0x00007ffb0d9ac000 	C:\Windows\SYSTEM32\dbgcore.DLL
0x00007ffb1e410000 - 0x00007ffb1e492000 	C:\Windows\System32\bcryptPrimitives.dll
0x00007ffb0b020000 - 0x00007ffb0b048000 	C:\Program Files\Eclipse Adoptium\jdk-11.0.14.101-hotspot\bin\java.dll
0x00007ffb163b0000 - 0x00007ffb163ba000 	C:\Program Files\Eclipse Adoptium\jdk-11.0.14.101-hotspot\bin\jimage.dll
0x00007ffb162b0000 - 0x00007ffb162c8000 	C:\Program Files\Eclipse Adoptium\jdk-11.0.14.101-hotspot\bin\zip.dll
0x00007ffb1f4a0000 - 0x00007ffb1fbe4000 	C:\Windows\System32\SHELL32.dll
0x00007ffb1bf00000 - 0x00007ffb1c694000 	C:\Windows\SYSTEM32\windows.storage.dll
0x00007ffb1e800000 - 0x00007ffb1eb54000 	C:\Windows\System32\combase.dll
0x00007ffb1d7e0000 - 0x00007ffb1d80c000 	C:\Windows\SYSTEM32\Wldp.dll
0x00007ffb1ff00000 - 0x00007ffb1ffad000 	C:\Windows\System32\SHCORE.dll
0x00007ffb20510000 - 0x00007ffb20565000 	C:\Windows\System32\shlwapi.dll
0x00007ffb1dd40000 - 0x00007ffb1dd5f000 	C:\Windows\SYSTEM32\profapi.dll
0x00007ffb15b70000 - 0x00007ffb15b89000 	C:\Program Files\Eclipse Adoptium\jdk-11.0.14.101-hotspot\bin\net.dll
0x00007ffb12d20000 - 0x00007ffb12e2a000 	C:\Windows\SYSTEM32\WINHTTP.dll
0x00007ffb1d4f0000 - 0x00007ffb1d55a000 	C:\Windows\system32\mswsock.dll
0x00007ffb15b40000 - 0x00007ffb15b53000 	C:\Program Files\Eclipse Adoptium\jdk-11.0.14.101-hotspot\bin\nio.dll
0x0000000065580000 - 0x0000000065616000 	C:\Users\picsf\AppData\Local\Temp\libgdxpicsf\12dfaa03\gdx64.dll
0x00007ffb1d6e0000 - 0x00007ffb1d6f8000 	C:\Windows\SYSTEM32\CRYPTSP.dll
0x00007ffb1ce70000 - 0x00007ffb1cea4000 	C:\Windows\system32\rsaenh.dll
0x00007ffb1e260000 - 0x00007ffb1e287000 	C:\Windows\System32\bcrypt.dll
0x00007ffb1dd00000 - 0x00007ffb1dd2e000 	C:\Windows\SYSTEM32\USERENV.dll
0x00007ffb1d970000 - 0x00007ffb1d97c000 	C:\Windows\SYSTEM32\CRYPTBASE.dll
0x00007ffb1d1e0000 - 0x00007ffb1d21b000 	C:\Windows\SYSTEM32\IPHLPAPI.DLL
0x00007ffb1f360000 - 0x00007ffb1f368000 	C:\Windows\System32\NSI.dll
0x00007ffb15500000 - 0x00007ffb15517000 	C:\Windows\SYSTEM32\dhcpcsvc6.DLL
0x00007ffb14080000 - 0x00007ffb1409d000 	C:\Windows\SYSTEM32\dhcpcsvc.DLL
0x00007ffb1d220000 - 0x00007ffb1d2eb000 	C:\Windows\SYSTEM32\DNSAPI.dll
0x0000000180000000 - 0x0000000180053000 	C:\Users\picsf\AppData\Local\Temp\libgdxpicsf\dc0f0009\lwjgl64.dll
0x00007ffabacf0000 - 0x00007ffabd189000 	C:\Windows\SYSTEM32\OPENGL32.dll
0x00007ffb1fbf0000 - 0x00007ffb1fd1a000 	C:\Windows\System32\ole32.dll
0x000001fe32640000 - 0x000001fe326a4000 	C:\Users\picsf\AppData\Local\Temp\libgdxpicsf\dc0f0009\OpenAL64.dll
0x00007ffb1b820000 - 0x00007ffb1b8be000 	C:\Windows\system32\uxtheme.dll
0x00007ffb1f1f0000 - 0x00007ffb1f299000 	C:\Windows\System32\clbcatq.dll
0x00007ffac8b30000 - 0x00007ffac8bcc000 	C:\Windows\SYSTEM32\dsound.dll
0x00007ffb1dbc0000 - 0x00007ffb1dc0b000 	C:\Windows\SYSTEM32\powrprof.dll
0x00007ffb08000000 - 0x00007ffb08026000 	C:\Windows\SYSTEM32\winmmbase.dll
0x00007ffb1dba0000 - 0x00007ffb1dbb2000 	C:\Windows\SYSTEM32\UMPDC.dll
0x00007ffb17e80000 - 0x00007ffb17f05000 	C:\Windows\System32\MMDevApi.dll
0x00007ffb1db40000 - 0x00007ffb1db6c000 	C:\Windows\System32\DEVOBJ.dll
0x00007ffb1e6f0000 - 0x00007ffb1e73e000 	C:\Windows\System32\cfgmgr32.dll
0x00007ffb17f60000 - 0x00007ffb180e2000 	C:\Windows\SYSTEM32\AUDIOSES.DLL
0x00007ffb20570000 - 0x00007ffb2063d000 	C:\Windows\System32\OLEAUT32.dll

dbghelp: loaded successfully - version: 4.0.5 - missing functions: none
symbol engine: initialized successfully - sym options: 0x614 - pdb path: .;C:\Program Files\Eclipse Adoptium\jdk-11.0.14.101-hotspot\bin;C:\Windows\SYSTEM32;C:\Windows\WinSxS\amd64_microsoft.windows.common-controls_6595b64144ccf1df_6.0.19041.1110_none_60b5254171f9507e;C:\Program Files\Eclipse Adoptium\jdk-11.0.14.101-hotspot\bin\server;C:\Users\picsf\AppData\Local\Temp\libgdxpicsf\12dfaa03;C:\Users\picsf\AppData\Local\Temp\libgdxpicsf\dc0f0009

VM Arguments:
jvm_args: -Duser.language=es_AR -Dfile.encoding=UTF-8 
java_command: org.uqbar.project.wollok.launch.WollokLauncher -requestsPort 0 -eventsPort 0 -folder -dontValidate -wf src/game.wpgm -darkMode
java_class_path (initial): C:\Users\picsf\OneDrive - Universidad de San Martin\Documentos\GitHub\wollok-game-Capybara-adventure---Carpinchos-en-Fuga\bin;C:\wollok-win32.win32.x86_64\plugins\com.ibm.icu_64.2.0.v20190507-1337.jar;C:\wollok-win32.win32.x86_64\plugins\org.eclipse.xtext_2.20.0.v20191202-0915.jar;C:\wollok-win32.win32.x86_64\plugins\org.eclipse.emf.ecore.xmi_2.16.0.v20190528-0725.jar;C:\wollok-win32.win32.x86_64\plugins\org.eclipse.emf.ecore_2.20.0.v20190920-0401.jar;C:\wollok-win32.win32.x86_64\plugins\org.eclipse.emf.common_2.17.0.v20190920-0401.jar;C:\wollok-win32.win32.x86_64\plugins\org.antlr.runtime_3.2.0.v201101311130.jar;C:\wollok-win32.win32.x86_64\plugins\com.google.inject_3.0.0.v201605172100.jar;C:\wollok-win32.win32.x86_64\plugins\org.eclipse.emf.mwe.core_1.5.1.v20191121-1148.jar;C:\wollok-win32.win32.x86_64\plugins\org.apache.commons.cli_1.2.0.v201404270220.jar;C:\wollok-win32.win32.x86_64\plugins\org.eclipse.emf.mwe2.runtime_2.11.1.v20191121-1148.jar;C:\wollok-win32.win32.x86_64\plugins\org.eclipse.emf.mwe.utils_1.5.1.v20191121-1148.jar;C:\wollok-win32.win32.x86_64\plugins\org.eclipse.xtext.util_2.20.0.v20191202-0915.jar;C:\wollok-win32.win32.x86_64\plugins\com.google.guava_27.1.0.v20190517-1946.jar;C:\wollok-win32.win32.x86_64\plugins\javax.inject_1.0.0.v20091030.jar;C:\wollok-win32.win32.x86_64\plugins\org.eclipse.xtext.generator_2.20.0.v20191202-0933.jar;C:\wollok-win32.win32.x86_64\plugins\org.eclipse.xtext.xtext.generator_2.20.0.v20191202-0915.jar;C:\wollok-win32.win32.x86_64\plugins\org.eclipse.xtext.xbase.lib_2.20.0.v20191202-0907.jar;C:\wollok-win32.win32.x86_64\plugins\org.eclipse.emf.codegen.ecore_2.20.0.v20191012-0918.jar;C:\wollok-win32.win32.x86_64\plugins\org.eclipse.emf.codegen_2.19.0.v20190821-1536.jar;C:\wollok-win32.win32.x86_64\plugins\org.eclipse.xtend_2.2.0.v201605260315.jar;C:\wollok-win32.win32.x86_64\plugins\org.eclipse.xpand_2.2.0.v201605260315.jar;C:\wollok-win32.win32.x86_64\plugins\org.eclipse.xtend.typesystem.e
Launcher Type: SUN_STANDARD

[Global flags]
     intx CICompilerCount                          = 3                                         {product} {ergonomic}
     uint ConcGCThreads                            = 1                                         {product} {ergonomic}
     uint G1ConcRefinementThreads                  = 4                                         {product} {ergonomic}
   size_t G1HeapRegionSize                         = 1048576                                   {product} {ergonomic}
    uintx GCDrainStackTargetSize                   = 64                                        {product} {ergonomic}
   size_t InitialHeapSize                          = 100663296                                 {product} {ergonomic}
   size_t MarkStackSize                            = 4194304                                   {product} {ergonomic}
   size_t MaxHeapSize                              = 1598029824                                {product} {ergonomic}
   size_t MaxNewSize                               = 958398464                                 {product} {ergonomic}
   size_t MinHeapDeltaBytes                        = 1048576                                   {product} {ergonomic}
    uintx NonNMethodCodeHeapSize                   = 5830732                                {pd product} {ergonomic}
    uintx NonProfiledCodeHeapSize                  = 122913754                              {pd product} {ergonomic}
    uintx ProfiledCodeHeapSize                     = 122913754                              {pd product} {ergonomic}
    uintx ReservedCodeCacheSize                    = 251658240                              {pd product} {ergonomic}
     bool SegmentedCodeCache                       = true                                      {product} {ergonomic}
     bool UseCompressedClassPointers               = true                                 {lp64_product} {ergonomic}
     bool UseCompressedOops                        = true                                 {lp64_product} {ergonomic}
     bool UseG1GC                                  = true                                      {product} {ergonomic}
     bool UseLargePagesIndividualAllocation        = false                                  {pd product} {ergonomic}

Logging:
Log output configuration:
 #0: stdout all=warning uptime,level,tags
 #1: stderr all=off uptime,level,tags

Environment Variables:
PATH=C:/Program Files/Eclipse Adoptium/jdk-11.0.14.101-hotspot/bin/client;C:/Program Files/Eclipse Adoptium/jdk-11.0.14.101-hotspot/bin;C:\Program Files\Eclipse Adoptium\jdk-11.0.14.101-hotspot\bin;C:\Windows\system32;C:\Windows;C:\Windows\System32\Wbem;C:\Windows\System32\WindowsPowerShell\v1.0\;C:\Windows\System32\OpenSSH\;C:\Program Files (x86)\NVIDIA Corporation\PhysX\Common;C:\mingw64\bin;C:\Users\picsf\anaconda3;C:\Users\picsf\anaconda3\Scripts;C:\Users\picsf\anaconda3\bin;C:\Program Files\Git\cmd;C:\Users\picsf\AppData\Local\Microsoft\WindowsApps;C:\Users\picsf\AppData\Local\Programs\Microsoft VS Code\bin;C:\Users\picsf\anaconda3\Scripts;C:\Users\picsf\anaconda3\;C:\Users\picsf\anaconda3\bin;C:\Users\picsf\AppData\Local\GitHubDesktop\bin;C:\wollok-win32.win32.x86_64;
USERNAME=picsf
OS=Windows_NT
PROCESSOR_IDENTIFIER=Intel64 Family 6 Model 42 Stepping 7, GenuineIntel



---------------  S Y S T E M  ---------------

OS: Windows 10 , 64 bit Build 19041 (10.0.19041.1706)
OS uptime: 3 days 18:41 hours

CPU:total 4 (initial active 4) (2 cores per cpu, 2 threads per core) family 6 model 42 stepping 7 microcode 0x2f, cmov, cx8, fxsr, mmx, sse, sse2, sse3, ssse3, sse4.1, sse4.2, popcnt, avx, aes, clmul, ht, tsc, tscinvbit

Memory: 4k page, system-wide physical 6091M (1153M free)
TotalPageFile size 12235M (AvailPageFile size 4151M)
current process WorkingSet (physical memory assigned to process): 199M, peak: 199M
current process commit charge ("private bytes"): 267M, peak: 268M

vm_info: OpenJDK 64-Bit Server VM (11.0.14.1+1) for windows-amd64 JRE (11.0.14.1+1), built on Feb  9 2022 01:48:27 by "" with unknown MS VC++:1916

END.
